-- The C compiler identification is GNU 13.3.0
-- The CXX compiler identification is GNU 13.3.0
-- Detecting C compiler ABI info
-- Detecting C compiler ABI info - done
-- Check for working C compiler: /usr/bin/cc - skipped
-- Detecting C compile features
-- Detecting C compile features - done
-- Detecting CXX compiler ABI info
-- Detecting CXX compiler ABI info - done
-- Check for working CXX compiler: /usr/bin/c++ - skipped
-- Detecting CXX compile features
-- Detecting CXX compile features - done
-- Found ament_cmake: 2.5.4 (/opt/ros/jazzy/share/ament_cmake/cmake)
-- Found Python3: /usr/bin/python3 (found version "3.12.3") found components: Interpreter 
-- Found rclcpp: 28.1.9 (/opt/ros/jazzy/share/rclcpp/cmake)
-- Found rosidl_generator_c: 4.6.5 (/opt/ros/jazzy/share/rosidl_generator_c/cmake)
-- Found rosidl_generator_cpp: 4.6.5 (/opt/ros/jazzy/share/rosidl_generator_cpp/cmake)
-- Using all available rosidl_typesupport_c: rosidl_typesupport_fastrtps_c;rosidl_typesupport_introspection_c
-- Using all available rosidl_typesupport_cpp: rosidl_typesupport_fastrtps_cpp;rosidl_typesupport_introspection_cpp
-- Found rmw_implementation_cmake: 7.3.2 (/opt/ros/jazzy/share/rmw_implementation_cmake/cmake)
-- Found rmw_fastrtps_cpp: 8.4.2 (/opt/ros/jazzy/share/rmw_fastrtps_cpp/cmake)
-- Found OpenSSL: /usr/lib/x86_64-linux-gnu/libcrypto.so (found version "3.0.13")  
-- Found FastRTPS: /opt/ros/jazzy/include (Required is at least version "2.13") 
-- Using RMW implementation 'rmw_fastrtps_cpp' as default
-- Found std_msgs: 5.3.6 (/opt/ros/jazzy/share/std_msgs/cmake)
-- Found sensor_msgs: 5.3.6 (/opt/ros/jazzy/share/sensor_msgs/cmake)
-- Found image_transport: 5.1.6 (/opt/ros/jazzy/share/image_transport/cmake)
-- Found cv_bridge: 4.1.0 (/opt/ros/jazzy/share/cv_bridge/cmake)
-- Found ament_lint_auto: 0.17.2 (/opt/ros/jazzy/share/ament_lint_auto/cmake)
-- Added test 'cppcheck' to perform static code analysis on C / C++ code
-- Configured cppcheck include dirs: 
-- Configured cppcheck exclude dirs and/or files: 
-- Added test 'lint_cmake' to check CMake code style
-- Added test 'uncrustify' to check C / C++ code style
-- Configured uncrustify additional arguments: 
-- Added test 'xmllint' to check XML markup files
-- Configuring done (0.8s)
-- Generating done (0.0s)
-- Build files have been written to: /home/akannan05/Desktop/rs-agri3d/agri3d_ws/build/zed2i_nodes
[ 50%] [32mBuilding CXX object CMakeFiles/zed_imu_node.dir/src/zed_imu_publisher.cpp.o[0m
[01m[K/home/akannan05/Desktop/rs-agri3d/agri3d_ws/src/zed2i_nodes/src/zed_imu_publisher.cpp:71:21:[m[K [01;31m[Kerror: [m[Kâ€˜[01m[KSensorCapture[m[Kâ€™ in namespace â€˜[01m[Ksl_oc::sensors[m[Kâ€™ does not name a type
   71 |     sl_oc::sensors::[01;31m[KSensorCapture[m[K sens_;
      |                     [01;31m[K^~~~~~~~~~~~~[m[K
[01m[K/home/akannan05/Desktop/rs-agri3d/agri3d_ws/src/zed2i_nodes/src/zed_imu_publisher.cpp:[m[K In constructor â€˜[01m[KZedImuPublisher::[01;32m[KZedImuPublisher[m[K(const rclcpp::NodeOptions&)[m[Kâ€™:
[01m[K/home/akannan05/Desktop/rs-agri3d/agri3d_ws/src/zed2i_nodes/src/zed_imu_publisher.cpp:16:9:[m[K [01;31m[Kerror: [m[Kclass â€˜[01m[KZedImuPublisher[m[Kâ€™ does not have any field named â€˜[01m[Ksens_[m[Kâ€™
   16 |         [01;31m[Ksens_[m[K(sl_oc::VERBOSITY::INFO)
      |         [01;31m[K^~~~~[m[K
[01m[K/home/akannan05/Desktop/rs-agri3d/agri3d_ws/src/zed2i_nodes/src/zed_imu_publisher.cpp:23:105:[m[K [01;31m[Kerror: [m[Ktemplate argument 1 is invalid
   23 | :duration<double.(1.0 / this->get_parameter("pub_rate_hz").as_double()[01;31m[K)[m[K;
      |                                                                       [01;31m[K^[m[K

[01m[K/home/akannan05/Desktop/rs-agri3d/agri3d_ws/src/zed2i_nodes/src/zed_imu_publisher.cpp:26:14:[m[K [01;31m[Kerror: [m[Kâ€˜[01m[Ksens_[m[Kâ€™ was not declared in this scope
   26 |         if (![01;31m[Ksens_[m[K.initializeSensors(serial_number_)) {
      |              [01;31m[K^~~~~[m[K
[01m[K/home/akannan05/Desktop/rs-agri3d/agri3d_ws/src/zed2i_nodes/src/zed_imu_publisher.cpp:28:24:[m[K [01;31m[Kerror: [m[Kâ€˜[01m[Kruntime_eror[m[Kâ€™ is not a member of â€˜[01m[Kstd[m[Kâ€™; did you mean â€˜[01m[Kruntime_error[m[Kâ€™?
   28 |             throw std::[01;31m[Kruntime_eror[m[K("ZED sensor init failed");
      |                        [01;31m[K^~~~~~~~~~~~[m[K
      |                        [32m[Kruntime_error[m[K
In file included from [01m[K/opt/ros/jazzy/include/rclcpp/rclcpp/logging.hpp:24[m[K,
                 from [01m[K/opt/ros/jazzy/include/rclcpp/rclcpp/copy_all_parameter_values.hpp:27[m[K,
                 from [01m[K/opt/ros/jazzy/include/rclcpp/rclcpp/rclcpp.hpp:171[m[K,
                 from [01m[K/home/akannan05/Desktop/rs-agri3d/agri3d_ws/src/zed2i_nodes/src/zed_imu_publisher.cpp:6[m[K:
[01m[K/home/akannan05/Desktop/rs-agri3d/agri3d_ws/src/zed2i_nodes/src/zed_imu_publisher.cpp:31:64:[m[K [01;31m[Kerror: [m[Kâ€˜[01m[Ksens_[m[Kâ€™ was not declared in this scope
   31 |       RCLCPP_INFO(get_logger(), "Connected to ZED (SN: %d)", [01;31m[Ksens_[m[K.getSerialNumber());
      |                                                              [01;31m[K^~~~~[m[K

[01m[K/home/akannan05/Desktop/rs-agri3d/agri3d_ws/src/zed2i_nodes/src/zed_imu_publisher.cpp:[m[K In member function â€˜[01m[Kvoid ZedImuPublisher::[01;32m[KpublishImu[m[K()[m[Kâ€™:
[01m[K/home/akannan05/Desktop/rs-agri3d/agri3d_ws/src/zed2i_nodes/src/zed_imu_publisher.cpp:42:31:[m[K [01;31m[Kerror: [m[Kâ€˜[01m[Ksens_[m[Kâ€™ was not declared in this scope
   42 |         const auto imu_data = [01;31m[Ksens_[m[K.getLastIMUData(1000);
      |                               [01;31m[K^~~~~[m[K
[01m[K/home/akannan05/Desktop/rs-agri3d/agri3d_ws/src/zed2i_nodes/src/zed_imu_publisher.cpp:44:47:[m[K [01;31m[Kerror: [m[Kâ€˜[01m[Ksl_oc::sensors::data[m[Kâ€™ has not been declared
   44 |         if (imu_data.valid != sl_oc::sensors::[01;31m[Kdata[m[K::Imu::NEW_VAL) {
      |                                               [01;31m[K^~~~[m[K
[01m[K/home/akannan05/Desktop/rs-agri3d/agri3d_ws/src/zed2i_nodes/src/zed_imu_publisher.cpp:60:34:[m[K [01;31m[Kerror: [m[Kâ€˜[01m[Kimu[m[Kâ€™ was not declared in this scope
   60 |         msg.angular_velocity.x = [01;31m[Kimu[m[K.data.gX * DEG2RAD;
      |                                  [01;31m[K^~~[m[K
[01m[K/home/akannan05/Desktop/rs-agri3d/agri3d_ws/src/zed2i_nodes/src/zed_imu_publisher.cpp:64:13:[m[K [01;31m[Kerror: [m[Kâ€˜[01m[Kusing sensor_msgs::msg::Imu = struct sensor_msgs::msg::Imu_<std::allocator<void> >[m[Kâ€™ {aka â€˜[01m[Kstruct sensor_msgs::msg::Imu_<std::allocator<void> >[m[Kâ€™} has no member named â€˜[01m[Korientation_covaraiance[m[Kâ€™; did you mean â€˜[01m[Korientation_covariance[m[Kâ€™?
   64 |         msg.[01;31m[Korientation_covaraiance[m[K[0] = -1.0;
      |             [01;31m[K^~~~~~~~~~~~~~~~~~~~~~~[m[K
      |             [32m[Korientation_covariance[m[K
gmake[2]: *** [CMakeFiles/zed_imu_node.dir/build.make:76: CMakeFiles/zed_imu_node.dir/src/zed_imu_publisher.cpp.o] Error 1
gmake[1]: *** [CMakeFiles/Makefile2:137: CMakeFiles/zed_imu_node.dir/all] Error 2
gmake: *** [Makefile:146: all] Error 2
