[0.005s] Invoking command in '/home/akannan05/Desktop/rs-agri3d/agri3d_ws/build/zed2i_nodes': CMAKE_PREFIX_PATH=${CMAKE_PREFIX_PATH}:/opt/ros/jazzy DEBUGINFOD_URLS=https://debuginfod.ubuntu.com /usr/bin/cmake /home/akannan05/Desktop/rs-agri3d/agri3d_ws/src/zed2i_nodes -DCMAKE_INSTALL_PREFIX=/home/akannan05/Desktop/rs-agri3d/agri3d_ws/install/zed2i_nodes
[0.053s] -- The C compiler identification is GNU 13.3.0
[0.095s] -- The CXX compiler identification is GNU 13.3.0
[0.108s] -- Detecting C compiler ABI info
[0.185s] -- Detecting C compiler ABI info - done
[0.191s] -- Check for working C compiler: /usr/bin/cc - skipped
[0.191s] -- Detecting C compile features
[0.191s] -- Detecting C compile features - done
[0.199s] -- Detecting CXX compiler ABI info
[0.273s] -- Detecting CXX compiler ABI info - done
[0.279s] -- Check for working CXX compiler: /usr/bin/c++ - skipped
[0.279s] -- Detecting CXX compile features
[0.279s] -- Detecting CXX compile features - done
[0.281s] -- Found ament_cmake: 2.5.4 (/opt/ros/jazzy/share/ament_cmake/cmake)
[0.380s] -- Found Python3: /usr/bin/python3 (found version "3.12.3") found components: Interpreter 
[0.445s] -- Found rclcpp: 28.1.9 (/opt/ros/jazzy/share/rclcpp/cmake)
[0.465s] -- Found rosidl_generator_c: 4.6.5 (/opt/ros/jazzy/share/rosidl_generator_c/cmake)
[0.472s] -- Found rosidl_generator_cpp: 4.6.5 (/opt/ros/jazzy/share/rosidl_generator_cpp/cmake)
[0.480s] -- Using all available rosidl_typesupport_c: rosidl_typesupport_fastrtps_c;rosidl_typesupport_introspection_c
[0.490s] -- Using all available rosidl_typesupport_cpp: rosidl_typesupport_fastrtps_cpp;rosidl_typesupport_introspection_cpp
[0.534s] -- Found rmw_implementation_cmake: 7.3.2 (/opt/ros/jazzy/share/rmw_implementation_cmake/cmake)
[0.535s] -- Found rmw_fastrtps_cpp: 8.4.2 (/opt/ros/jazzy/share/rmw_fastrtps_cpp/cmake)
[0.597s] -- Found OpenSSL: /usr/lib/x86_64-linux-gnu/libcrypto.so (found version "3.0.13")  
[0.613s] -- Found FastRTPS: /opt/ros/jazzy/include (Required is at least version "2.13") 
[0.631s] -- Using RMW implementation 'rmw_fastrtps_cpp' as default
[0.672s] -- Found std_msgs: 5.3.6 (/opt/ros/jazzy/share/std_msgs/cmake)
[0.680s] -- Found sensor_msgs: 5.3.6 (/opt/ros/jazzy/share/sensor_msgs/cmake)
[0.704s] -- Found image_transport: 5.1.6 (/opt/ros/jazzy/share/image_transport/cmake)
[0.717s] -- Found cv_bridge: 4.1.0 (/opt/ros/jazzy/share/cv_bridge/cmake)
[0.725s] -- Found ament_lint_auto: 0.17.2 (/opt/ros/jazzy/share/ament_lint_auto/cmake)
[0.787s] -- Added test 'cppcheck' to perform static code analysis on C / C++ code
[0.787s] -- Configured cppcheck include dirs: 
[0.787s] -- Configured cppcheck exclude dirs and/or files: 
[0.787s] -- Added test 'lint_cmake' to check CMake code style
[0.788s] -- Added test 'uncrustify' to check C / C++ code style
[0.788s] -- Configured uncrustify additional arguments: 
[0.788s] -- Added test 'xmllint' to check XML markup files
[0.789s] -- Configuring done (0.8s)
[0.797s] -- Generating done (0.0s)
[0.799s] -- Build files have been written to: /home/akannan05/Desktop/rs-agri3d/agri3d_ws/build/zed2i_nodes
[0.808s] Invoked command in '/home/akannan05/Desktop/rs-agri3d/agri3d_ws/build/zed2i_nodes' returned '0': CMAKE_PREFIX_PATH=${CMAKE_PREFIX_PATH}:/opt/ros/jazzy DEBUGINFOD_URLS=https://debuginfod.ubuntu.com /usr/bin/cmake /home/akannan05/Desktop/rs-agri3d/agri3d_ws/src/zed2i_nodes -DCMAKE_INSTALL_PREFIX=/home/akannan05/Desktop/rs-agri3d/agri3d_ws/install/zed2i_nodes
[0.808s] Invoking command in '/home/akannan05/Desktop/rs-agri3d/agri3d_ws/build/zed2i_nodes': CMAKE_PREFIX_PATH=${CMAKE_PREFIX_PATH}:/opt/ros/jazzy DEBUGINFOD_URLS=https://debuginfod.ubuntu.com /usr/bin/cmake --build /home/akannan05/Desktop/rs-agri3d/agri3d_ws/build/zed2i_nodes -- -j12 -l12
[0.845s] [ 50%] [32mBuilding CXX object CMakeFiles/zed_imu_node.dir/src/zed_imu_publisher.cpp.o[0m
[2.012s] [01m[K/home/akannan05/Desktop/rs-agri3d/agri3d_ws/src/zed2i_nodes/src/zed_imu_publisher.cpp:71:21:[m[K [01;31m[Kerror: [m[Kâ€˜[01m[KSensorCapture[m[Kâ€™ in namespace â€˜[01m[Ksl_oc::sensors[m[Kâ€™ does not name a type
[2.012s]    71 |     sl_oc::sensors::[01;31m[KSensorCapture[m[K sens_;
[2.012s]       |                     [01;31m[K^~~~~~~~~~~~~[m[K
[2.015s] [01m[K/home/akannan05/Desktop/rs-agri3d/agri3d_ws/src/zed2i_nodes/src/zed_imu_publisher.cpp:[m[K In constructor â€˜[01m[KZedImuPublisher::[01;32m[KZedImuPublisher[m[K(const rclcpp::NodeOptions&)[m[Kâ€™:
[2.015s] [01m[K/home/akannan05/Desktop/rs-agri3d/agri3d_ws/src/zed2i_nodes/src/zed_imu_publisher.cpp:16:9:[m[K [01;31m[Kerror: [m[Kclass â€˜[01m[KZedImuPublisher[m[Kâ€™ does not have any field named â€˜[01m[Ksens_[m[Kâ€™
[2.015s]    16 |         [01;31m[Ksens_[m[K(sl_oc::VERBOSITY::INFO)
[2.015s]       |         [01;31m[K^~~~~[m[K
[2.016s] [01m[K/home/akannan05/Desktop/rs-agri3d/agri3d_ws/src/zed2i_nodes/src/zed_imu_publisher.cpp:23:105:[m[K [01;31m[Kerror: [m[Ktemplate argument 1 is invalid
[2.016s]    23 | :duration<double.(1.0 / this->get_parameter("pub_rate_hz").as_double()[01;31m[K)[m[K;
[2.016s]       |                                                                       [01;31m[K^[m[K
[2.016s] 
[2.020s] [01m[K/home/akannan05/Desktop/rs-agri3d/agri3d_ws/src/zed2i_nodes/src/zed_imu_publisher.cpp:26:14:[m[K [01;31m[Kerror: [m[Kâ€˜[01m[Ksens_[m[Kâ€™ was not declared in this scope
[2.020s]    26 |         if (![01;31m[Ksens_[m[K.initializeSensors(serial_number_)) {
[2.020s]       |              [01;31m[K^~~~~[m[K
[2.021s] [01m[K/home/akannan05/Desktop/rs-agri3d/agri3d_ws/src/zed2i_nodes/src/zed_imu_publisher.cpp:28:24:[m[K [01;31m[Kerror: [m[Kâ€˜[01m[Kruntime_eror[m[Kâ€™ is not a member of â€˜[01m[Kstd[m[Kâ€™; did you mean â€˜[01m[Kruntime_error[m[Kâ€™?
[2.021s]    28 |             throw std::[01;31m[Kruntime_eror[m[K("ZED sensor init failed");
[2.021s]       |                        [01;31m[K^~~~~~~~~~~~[m[K
[2.021s]       |                        [32m[Kruntime_error[m[K
[2.024s] In file included from [01m[K/opt/ros/jazzy/include/rclcpp/rclcpp/logging.hpp:24[m[K,
[2.024s]                  from [01m[K/opt/ros/jazzy/include/rclcpp/rclcpp/copy_all_parameter_values.hpp:27[m[K,
[2.024s]                  from [01m[K/opt/ros/jazzy/include/rclcpp/rclcpp/rclcpp.hpp:171[m[K,
[2.024s]                  from [01m[K/home/akannan05/Desktop/rs-agri3d/agri3d_ws/src/zed2i_nodes/src/zed_imu_publisher.cpp:6[m[K:
[2.025s] [01m[K/home/akannan05/Desktop/rs-agri3d/agri3d_ws/src/zed2i_nodes/src/zed_imu_publisher.cpp:31:64:[m[K [01;31m[Kerror: [m[Kâ€˜[01m[Ksens_[m[Kâ€™ was not declared in this scope
[2.025s]    31 |       RCLCPP_INFO(get_logger(), "Connected to ZED (SN: %d)", [01;31m[Ksens_[m[K.getSerialNumber());
[2.025s]       |                                                              [01;31m[K^~~~~[m[K
[2.025s] 
[2.033s] [01m[K/home/akannan05/Desktop/rs-agri3d/agri3d_ws/src/zed2i_nodes/src/zed_imu_publisher.cpp:[m[K In member function â€˜[01m[Kvoid ZedImuPublisher::[01;32m[KpublishImu[m[K()[m[Kâ€™:
[2.034s] [01m[K/home/akannan05/Desktop/rs-agri3d/agri3d_ws/src/zed2i_nodes/src/zed_imu_publisher.cpp:42:31:[m[K [01;31m[Kerror: [m[Kâ€˜[01m[Ksens_[m[Kâ€™ was not declared in this scope
[2.034s]    42 |         const auto imu_data = [01;31m[Ksens_[m[K.getLastIMUData(1000);
[2.034s]       |                               [01;31m[K^~~~~[m[K
[2.034s] [01m[K/home/akannan05/Desktop/rs-agri3d/agri3d_ws/src/zed2i_nodes/src/zed_imu_publisher.cpp:44:47:[m[K [01;31m[Kerror: [m[Kâ€˜[01m[Ksl_oc::sensors::data[m[Kâ€™ has not been declared
[2.034s]    44 |         if (imu_data.valid != sl_oc::sensors::[01;31m[Kdata[m[K::Imu::NEW_VAL) {
[2.034s]       |                                               [01;31m[K^~~~[m[K
[2.037s] [01m[K/home/akannan05/Desktop/rs-agri3d/agri3d_ws/src/zed2i_nodes/src/zed_imu_publisher.cpp:60:34:[m[K [01;31m[Kerror: [m[Kâ€˜[01m[Kimu[m[Kâ€™ was not declared in this scope
[2.037s]    60 |         msg.angular_velocity.x = [01;31m[Kimu[m[K.data.gX * DEG2RAD;
[2.037s]       |                                  [01;31m[K^~~[m[K
[2.037s] [01m[K/home/akannan05/Desktop/rs-agri3d/agri3d_ws/src/zed2i_nodes/src/zed_imu_publisher.cpp:64:13:[m[K [01;31m[Kerror: [m[Kâ€˜[01m[Kusing sensor_msgs::msg::Imu = struct sensor_msgs::msg::Imu_<std::allocator<void> >[m[Kâ€™ {aka â€˜[01m[Kstruct sensor_msgs::msg::Imu_<std::allocator<void> >[m[Kâ€™} has no member named â€˜[01m[Korientation_covaraiance[m[Kâ€™; did you mean â€˜[01m[Korientation_covariance[m[Kâ€™?
[2.037s]    64 |         msg.[01;31m[Korientation_covaraiance[m[K[0] = -1.0;
[2.037s]       |             [01;31m[K^~~~~~~~~~~~~~~~~~~~~~~[m[K
[2.037s]       |             [32m[Korientation_covariance[m[K
[2.586s] gmake[2]: *** [CMakeFiles/zed_imu_node.dir/build.make:76: CMakeFiles/zed_imu_node.dir/src/zed_imu_publisher.cpp.o] Error 1
[2.587s] gmake[1]: *** [CMakeFiles/Makefile2:137: CMakeFiles/zed_imu_node.dir/all] Error 2
[2.587s] gmake: *** [Makefile:146: all] Error 2
[2.589s] Invoked command in '/home/akannan05/Desktop/rs-agri3d/agri3d_ws/build/zed2i_nodes' returned '2': CMAKE_PREFIX_PATH=${CMAKE_PREFIX_PATH}:/opt/ros/jazzy DEBUGINFOD_URLS=https://debuginfod.ubuntu.com /usr/bin/cmake --build /home/akannan05/Desktop/rs-agri3d/agri3d_ws/build/zed2i_nodes -- -j12 -l12
