[0.008s] Invoking command in '/home/akannan05/Desktop/rs-agri3d/agri3d_ws/build/zed2i_nodes': CMAKE_PREFIX_PATH=${CMAKE_PREFIX_PATH}:/opt/ros/jazzy DEBUGINFOD_URLS=https://debuginfod.ubuntu.com /usr/bin/cmake --build /home/akannan05/Desktop/rs-agri3d/agri3d_ws/build/zed2i_nodes -- -j12 -l12
[0.055s] [ 50%] [32mBuilding CXX object CMakeFiles/zed_imu_node.dir/src/zed_imu_publisher.cpp.o[0m
[1.230s] [01m[K/home/akannan05/Desktop/rs-agri3d/agri3d_ws/src/zed2i_nodes/src/zed_imu_publisher.cpp:72:21:[m[K [01;31m[Kerror: [m[Kâ€˜[01m[KSensorCapture[m[Kâ€™ in namespace â€˜[01m[Ksl_oc::sensors[m[Kâ€™ does not name a type
[1.230s]    72 |     sl_oc::sensors::[01;31m[KSensorCapture[m[K sens_;
[1.230s]       |                     [01;31m[K^~~~~~~~~~~~~[m[K
[1.232s] [01m[K/home/akannan05/Desktop/rs-agri3d/agri3d_ws/src/zed2i_nodes/src/zed_imu_publisher.cpp:[m[K In constructor â€˜[01m[KZedImuPublisher::[01;32m[KZedImuPublisher[m[K(const rclcpp::NodeOptions&)[m[Kâ€™:
[1.233s] [01m[K/home/akannan05/Desktop/rs-agri3d/agri3d_ws/src/zed2i_nodes/src/zed_imu_publisher.cpp:16:9:[m[K [01;31m[Kerror: [m[Kclass â€˜[01m[KZedImuPublisher[m[Kâ€™ does not have any field named â€˜[01m[Ksens_[m[Kâ€™
[1.233s]    16 |         [01;31m[Ksens_[m[K(sl_oc::VERBOSITY::INFO)
[1.233s]       |         [01;31m[K^~~~~[m[K
[1.238s] [01m[K/home/akannan05/Desktop/rs-agri3d/agri3d_ws/src/zed2i_nodes/src/zed_imu_publisher.cpp:27:14:[m[K [01;31m[Kerror: [m[Kâ€˜[01m[Ksens_[m[Kâ€™ was not declared in this scope
[1.238s]    27 |         if (![01;31m[Ksens_[m[K.initializeSensors(serial_number_)) {
[1.238s]       |              [01;31m[K^~~~~[m[K
[1.241s] In file included from [01m[K/opt/ros/jazzy/include/rclcpp/rclcpp/logging.hpp:24[m[K,
[1.241s]                  from [01m[K/opt/ros/jazzy/include/rclcpp/rclcpp/copy_all_parameter_values.hpp:27[m[K,
[1.241s]                  from [01m[K/opt/ros/jazzy/include/rclcpp/rclcpp/rclcpp.hpp:171[m[K,
[1.242s]                  from [01m[K/home/akannan05/Desktop/rs-agri3d/agri3d_ws/src/zed2i_nodes/src/zed_imu_publisher.cpp:6[m[K:
[1.242s] [01m[K/home/akannan05/Desktop/rs-agri3d/agri3d_ws/src/zed2i_nodes/src/zed_imu_publisher.cpp:32:64:[m[K [01;31m[Kerror: [m[Kâ€˜[01m[Ksens_[m[Kâ€™ was not declared in this scope
[1.242s]    32 |         RCLCPP_INFO(get_logger(), "Connected to ZED (SN: %d)", [01;31m[Ksens_[m[K.getSerialNumber());
[1.242s]       |                                                                [01;31m[K^~~~~[m[K
[1.250s] [01m[K/home/akannan05/Desktop/rs-agri3d/agri3d_ws/src/zed2i_nodes/src/zed_imu_publisher.cpp:[m[K In member function â€˜[01m[Kvoid ZedImuPublisher::[01;32m[KpublishImu[m[K()[m[Kâ€™:
[1.250s] [01m[K/home/akannan05/Desktop/rs-agri3d/agri3d_ws/src/zed2i_nodes/src/zed_imu_publisher.cpp:43:31:[m[K [01;31m[Kerror: [m[Kâ€˜[01m[Ksens_[m[Kâ€™ was not declared in this scope
[1.250s]    43 |         const auto imu_data = [01;31m[Ksens_[m[K.getLastIMUData(1000);
[1.250s]       |                               [01;31m[K^~~~~[m[K
[1.250s] [01m[K/home/akannan05/Desktop/rs-agri3d/agri3d_ws/src/zed2i_nodes/src/zed_imu_publisher.cpp:45:47:[m[K [01;31m[Kerror: [m[Kâ€˜[01m[Ksl_oc::sensors::data[m[Kâ€™ has not been declared
[1.251s]    45 |         if (imu_data.valid != sl_oc::sensors::[01;31m[Kdata[m[K::Imu::NEW_VAL) {
[1.251s]       |                                               [01;31m[K^~~~[m[K
[1.803s] gmake[2]: *** [CMakeFiles/zed_imu_node.dir/build.make:76: CMakeFiles/zed_imu_node.dir/src/zed_imu_publisher.cpp.o] Error 1
[1.803s] gmake[1]: *** [CMakeFiles/Makefile2:137: CMakeFiles/zed_imu_node.dir/all] Error 2
[1.803s] gmake: *** [Makefile:146: all] Error 2
[1.805s] Invoked command in '/home/akannan05/Desktop/rs-agri3d/agri3d_ws/build/zed2i_nodes' returned '2': CMAKE_PREFIX_PATH=${CMAKE_PREFIX_PATH}:/opt/ros/jazzy DEBUGINFOD_URLS=https://debuginfod.ubuntu.com /usr/bin/cmake --build /home/akannan05/Desktop/rs-agri3d/agri3d_ws/build/zed2i_nodes -- -j12 -l12
