-- Found ament_cmake: 2.5.4 (/opt/ros/jazzy/share/ament_cmake/cmake)
-- Found rclcpp: 28.1.9 (/opt/ros/jazzy/share/rclcpp/cmake)
-- Found rosidl_generator_c: 4.6.5 (/opt/ros/jazzy/share/rosidl_generator_c/cmake)
-- Found rosidl_generator_cpp: 4.6.5 (/opt/ros/jazzy/share/rosidl_generator_cpp/cmake)
-- Using all available rosidl_typesupport_c: rosidl_typesupport_fastrtps_c;rosidl_typesupport_introspection_c
-- Using all available rosidl_typesupport_cpp: rosidl_typesupport_fastrtps_cpp;rosidl_typesupport_introspection_cpp
-- Found rmw_implementation_cmake: 7.3.2 (/opt/ros/jazzy/share/rmw_implementation_cmake/cmake)
-- Found rmw_fastrtps_cpp: 8.4.2 (/opt/ros/jazzy/share/rmw_fastrtps_cpp/cmake)
-- Using RMW implementation 'rmw_fastrtps_cpp' as default
-- Found std_msgs: 5.3.6 (/opt/ros/jazzy/share/std_msgs/cmake)
-- Found sensor_msgs: 5.3.6 (/opt/ros/jazzy/share/sensor_msgs/cmake)
-- Found image_transport: 5.1.6 (/opt/ros/jazzy/share/image_transport/cmake)
-- Found cv_bridge: 4.1.0 (/opt/ros/jazzy/share/cv_bridge/cmake)
-- Found ament_lint_auto: 0.17.2 (/opt/ros/jazzy/share/ament_lint_auto/cmake)
-- Added test 'cppcheck' to perform static code analysis on C / C++ code
-- Configured cppcheck include dirs: 
-- Configured cppcheck exclude dirs and/or files: 
-- Added test 'lint_cmake' to check CMake code style
-- Added test 'uncrustify' to check C / C++ code style
-- Configured uncrustify additional arguments: 
-- Added test 'xmllint' to check XML markup files
-- Configuring done (0.4s)
-- Generating done (0.0s)
-- Build files have been written to: /home/akannan05/Desktop/rs-agri3d/agri3d_ws/build/zed2i_nodes
[ 25%] [32mBuilding CXX object CMakeFiles/zed_img_node.dir/src/zed_img_publisher.cpp.o[0m
[ 50%] [32mBuilding CXX object CMakeFiles/zed_imu_node.dir/src/zed_imu_publisher.cpp.o[0m
[01m[K/home/akannan05/Desktop/rs-agri3d/agri3d_ws/src/zed2i_nodes/src/zed_img_publisher.cpp:63:19:[m[K [01;31m[Kerror: [m[Kâ€˜[01m[KVideoCapture[m[Kâ€™ in namespace â€˜[01m[Ksl_oc::video[m[Kâ€™ does not name a type
   63 |     sl_oc::video::[01;31m[KVideoCapture[m[K cap_;
      |                   [01;31m[K^~~~~~~~~~~~[m[K
[01m[K/home/akannan05/Desktop/rs-agri3d/agri3d_ws/src/zed2i_nodes/src/zed_img_publisher.cpp:[m[K In constructor â€˜[01m[KZedStereoPublisher::[01;32m[KZedStereoPublisher[m[K()[m[Kâ€™:
[01m[K/home/akannan05/Desktop/rs-agri3d/agri3d_ws/src/zed2i_nodes/src/zed_img_publisher.cpp:22:9:[m[K [01;31m[Kerror: [m[Kâ€˜[01m[Kcap_[m[Kâ€™ was not declared in this scope
   22 |         [01;31m[Kcap_[m[K = sl_oc::video::VideoCapture(params);
      |         [01;31m[K^~~~[m[K
[01m[K/home/akannan05/Desktop/rs-agri3d/agri3d_ws/src/zed2i_nodes/src/zed_img_publisher.cpp:22:30:[m[K [01;31m[Kerror: [m[Kâ€˜[01m[KVideoCapture[m[Kâ€™ is not a member of â€˜[01m[Ksl_oc::video[m[Kâ€™; did you mean â€˜[01m[Kcv::VideoCapture[m[Kâ€™?
   22 |         cap_ = sl_oc::video::[01;31m[KVideoCapture[m[K(params);
      |                              [01;31m[K^~~~~~~~~~~~[m[K
In file included from [01m[K/usr/include/opencv4/opencv2/highgui.hpp:51[m[K,
                 from [01m[K/usr/include/opencv4/opencv2/opencv.hpp:68[m[K,
                 from [01m[K/home/akannan05/Desktop/rs-agri3d/agri3d_ws/src/zed2i_nodes/src/zed_img_publisher.cpp:9[m[K:
[01m[K/usr/include/opencv4/opencv2/videoio.hpp:682:20:[m[K [01;36m[Knote: [m[Kâ€˜[01m[Kcv::VideoCapture[m[Kâ€™ declared here
  682 | class CV_EXPORTS_W [01;36m[KVideoCapture[m[K
      |                    [01;36m[K^~~~~~~~~~~~[m[K
[01m[K/home/akannan05/Desktop/rs-agri3d/agri3d_ws/src/zed2i_nodes/src/zed_img_publisher.cpp:[m[K In member function â€˜[01m[Kvoid ZedStereoPublisher::[01;32m[Kpublish_frames[m[K()[m[Kâ€™:
[01m[K/home/akannan05/Desktop/rs-agri3d/agri3d_ws/src/zed2i_nodes/src/zed_img_publisher.cpp:37:29:[m[K [01;31m[Kerror: [m[Kâ€˜[01m[KFrame[m[Kâ€™ in namespace â€˜[01m[Ksl_oc::video[m[Kâ€™ does not name a type
   37 |         const sl_oc::video::[01;31m[KFrame[m[K frame = cap_.getLastFrame();
      |                             [01;31m[K^~~~~[m[K
[01m[K/home/akannan05/Desktop/rs-agri3d/agri3d_ws/src/zed2i_nodes/src/zed_img_publisher.cpp:38:13:[m[K [01;31m[Kerror: [m[Kâ€˜[01m[Kframe[m[Kâ€™ was not declared in this scope
   38 |         if ([01;31m[Kframe[m[K.data != nullptr) {
      |             [01;31m[K^~~~~[m[K
[ 75%] [32m[1mLinking CXX executable zed_imu_node[0m
[ 75%] Built target zed_imu_node
gmake[2]: *** [CMakeFiles/zed_img_node.dir/build.make:76: CMakeFiles/zed_img_node.dir/src/zed_img_publisher.cpp.o] Error 1
gmake[1]: *** [CMakeFiles/Makefile2:165: CMakeFiles/zed_img_node.dir/all] Error 2
gmake: *** [Makefile:146: all] Error 2
